Taxi/app/build/outputs/apk/manifest-merger-debug-report.txt
-- Merging decision tree log ---
manifest
ADDED from AndroidManifest.xml:1:1
	package
		ADDED from AndroidManifest.xml:2:5
		INJECTED from AndroidManifest.xml:0:0
		INJECTED from AndroidManifest.xml:0:0
	android:versionName
		ADDED from AndroidManifest.xml:4:5
	android:versionCode
		ADDED from AndroidManifest.xml:3:5
		INJECTED from AndroidManifest.xml:0:0
		INJECTED from AndroidManifest.xml:0:0
	xmlns:android
		ADDED from AndroidManifest.xml:1:11
uses-sdk
ADDED from AndroidManifest.xml:6:5
MERGED from com.android.support:support-v4:25.2.0:21:5
MERGED from com.android.support:support-compat:25.2.0:21:5
MERGED from com.android.support:support-media-compat:25.2.0:21:5
MERGED from com.android.support:support-compat:25.2.0:21:5
MERGED from com.android.support:support-core-utils:25.2.0:21:5
MERGED from com.android.support:support-compat:25.2.0:21:5
MERGED from com.android.support:support-core-ui:25.2.0:21:5
MERGED from com.android.support:support-compat:25.2.0:21:5
MERGED from com.android.support:support-fragment:25.2.0:21:5
MERGED from com.android.support:support-compat:25.2.0:21:5
MERGED from com.android.support:support-media-compat:25.2.0:21:5
MERGED from com.android.support:support-compat:25.2.0:21:5
MERGED from com.android.support:support-core-ui:25.2.0:21:5
MERGED from com.android.support:support-compat:25.2.0:21:5
MERGED from com.android.support:support-core-utils:25.2.0:21:5
MERGED from com.android.support:support-compat:25.2.0:21:5
MERGED from com.google.android.gms:play-services:11.0.4:4:5
MERGED from com.google.android.gms:play-services-ads:11.0.4:17:5
MERGED from com.google.android.gms:play-services-ads-lite:11.0.4:22:5
MERGED from com.google.android.gms:play-services-basement:11.0.4:17:5
MERGED from com.android.support:support-v4:25.2.0:21:5
MERGED from com.android.support:support-compat:25.2.0:21:5
MERGED from com.android.support:support-media-compat:25.2.0:21:5
MERGED from com.android.support:support-compat:25.2.0:21:5
MERGED from com.android.support:support-core-utils:25.2.0:21:5
MERGED from com.android.support:support-compat:25.2.0:21:5
MERGED from com.android.support:support-core-ui:25.2.0:21:5
MERGED from com.android.support:support-compat:25.2.0:21:5
MERGED from com.android.support:support-fragment:25.2.0:21:5
MERGED from com.android.support:support-compat:25.2.0:21:5
MERGED from com.android.support:support-media-compat:25.2.0:21:5
MERGED from com.android.support:support-compat:25.2.0:21:5
MERGED from com.android.support:support-core-ui:25.2.0:21:5
MERGED from com.android.support:support-compat:25.2.0:21:5
MERGED from com.android.support:support-core-utils:25.2.0:21:5
MERGED from com.android.support:support-compat:25.2.0:21:5
MERGED from com.google.android.gms:play-services-base:11.0.4:17:5
MERGED from com.google.android.gms:play-services-basement:11.0.4:17:5
MERGED from com.android.support:support-v4:25.2.0:21:5
MERGED from com.android.support:support-compat:25.2.0:21:5
MERGED from com.android.support:support-media-compat:25.2.0:21:5
MERGED from com.android.support:support-compat:25.2.0:21:5
MERGED from com.android.support:support-core-utils:25.2.0:21:5
MERGED from com.android.support:support-compat:25.2.0:21:5
MERGED from com.android.support:support-core-ui:25.2.0:21:5
MERGED from com.android.support:support-compat:25.2.0:21:5
MERGED from com.android.support:support-fragment:25.2.0:21:5
MERGED from com.android.support:support-compat:25.2.0:21:5
MERGED from com.android.support:support-media-compat:25.2.0:21:5
MERGED from com.android.support:support-compat:25.2.0:21:5
MERGED from com.android.support:support-core-ui:25.2.0:21:5
MERGED from com.android.support:support-compat:25.2.0:21:5
MERGED from com.android.support:support-core-utils:25.2.0:21:5
MERGED from com.android.support:support-compat:25.2.0:21:5
MERGED from com.google.android.gms:play-services-tasks:11.0.4:3:5
MERGED from com.google.android.gms:play-services-basement:11.0.4:17:5
MERGED from com.android.support:support-v4:25.2.0:21:5
MERGED from com.android.support:support-compat:25.2.0:21:5
MERGED from com.android.support:support-media-compat:25.2.0:21:5
MERGED from com.android.support:support-compat:25.2.0:21:5
MERGED from com.android.support:support-core-utils:25.2.0:21:5
MERGED from com.android.support:support-compat:25.2.0:21:5
MERGED from com.android.support:support-core-ui:25.2.0:21:5
MERGED from com.android.support:support-compat:25.2.0:21:5
MERGED from com.android.support:support-fragment:25.2.0:21:5
MERGED from com.android.support:support-compat:25.2.0:21:5
MERGED from com.android.support:support-media-compat:25.2.0:21:5
MERGED from com.android.support:support-compat:25.2.0:21:5
MERGED from com.android.support:support-core-ui:25.2.0:21:5
MERGED from com.android.support:support-compat:25.2.0:21:5
MERGED from com.android.support:support-core-utils:25.2.0:21:5
MERGED from com.android.support:support-compat:25.2.0:21:5
MERGED from com.google.android.gms:play-services-clearcut:11.0.4:17:5
MERGED from com.google.android.gms:play-services-base:11.0.4:17:5
MERGED from com.google.android.gms:play-services-basement:11.0.4:17:5
MERGED from com.android.support:support-v4:25.2.0:21:5
MERGED from com.android.support:support-compat:25.2.0:21:5
MERGED from com.android.support:support-media-compat:25.2.0:21:5
MERGED from com.android.support:support-compat:25.2.0:21:5
MERGED from com.android.support:support-core-utils:25.2.0:21:5
MERGED from com.android.support:support-compat:25.2.0:21:5
MERGED from com.android.support:support-core-ui:25.2.0:21:5
MERGED from com.android.support:support-compat:25.2.0:21:5
MERGED from com.android.support:support-fragment:25.2.0:21:5
MERGED from com.android.support:support-compat:25.2.0:21:5
MERGED from com.android.support:support-media-compat:25.2.0:21:5
MERGED from com.android.support:support-compat:25.2.0:21:5
MERGED from com.android.support:support-core-ui:25.2.0:21:5
MERGED from com.android.support:support-compat:25.2.0:21:5
MERGED from com.android.support:support-core-utils:25.2.0:21:5
MERGED from com.android.support:support-compat:25.2.0:21:5
MERGED from com.google.android.gms:play-services-tasks:11.0.4:3:5
MERGED from com.google.android.gms:play-services-basement:11.0.4:17:5
MERGED from com.android.support:support-v4:25.2.0:21:5
MERGED from com.android.support:support-compat:25.2.0:21:5
MERGED from com.android.support:support-media-compat:25.2.0:21:5
MERGED from com.android.support:support-compat:25.2.0:21:5
MERGED from com.android.support:support-core-utils:25.2.0:21:5
MERGED from com.android.support:support-compat:25.2.0:21:5
MERGED from com.android.support:support-core-ui:25.2.0:21:5
MERGED from com.android.support:support-compat:25.2.0:21:5
MERGED from com.android.support:support-fragment:25.2.0:21:5
MERGED from com.android.support:support-compat:25.2.0:21:5
MERGED from com.android.support:support-media-compat:25.2.0:21:5
MERGED from com.android.support:support-compat:25.2.0:21:5
MERGED from com.android.support:support-core-ui:25.2.0:21:5
MERGED from com.android.support:support-compat:25.2.0:21:5
MERGED from com.android.support:support-core-utils:25.2.0:21:5
MERGED from com.android.support:support-compat:25.2.0:21:5
MERGED from com.google.android.gms:play-services-basement:11.0.4:17:5
MERGED from com.android.support:support-v4:25.2.0:21:5
MERGED from com.android.support:support-compat:25.2.0:21:5
MERGED from com.android.support:support-media-compat:25.2.0:21:5
MERGED from com.android.support:support-compat:25.2.0:21:5
MERGED from com.android.support:support-core-utils:25.2.0:21:5
MERGED from com.android.support:support-compat:25.2.0:21:5
MERGED from com.android.support:support-core-ui:25.2.0:21:5
MERGED from com.android.support:support-compat:25.2.0:21:5
MERGED from com.android.support:support-fragment:25.2.0:21:5
MERGED from com.android.support:support-compat:25.2.0:21:5
MERGED from com.android.support:support-media-compat:25.2.0:21:5
MERGED from com.android.support:support-compat:25.2.0:21:5
MERGED from com.android.support:support-core-ui:25.2.0:21:5
MERGED from com.android.support:support-compat:25.2.0:21:5
MERGED from com.android.support:support-core-utils:25.2.0:21:5
MERGED from com.android.support:support-compat:25.2.0:21:5
MERGED from com.google.android.gms:play-services-tasks:11.0.4:3:5
MERGED from com.google.android.gms:play-services-basement:11.0.4:17:5
MERGED from com.android.support:support-v4:25.2.0:21:5
MERGED from com.android.support:support-compat:25.2.0:21:5
MERGED from com.android.support:support-media-compat:25.2.0:21:5
MERGED from com.android.support:support-compat:25.2.0:21:5
MERGED from com.android.support:support-core-utils:25.2.0:21:5
MERGED from com.android.support:support-compat:25.2.0:21:5
MERGED from com.android.support:support-core-ui:25.2.0:21:5
MERGED from com.android.support:support-compat:25.2.0:21:5
MERGED from com.android.support:support-fragment:25.2.0:21:5
MERGED from com.android.support:support-compat:25.2.0:21:5
MERGED from com.android.support:support-media-compat:25.2.0:21:5
MERGED from com.android.support:support-compat:25.2.0:21:5
MERGED from com.android.support:support-core-ui:25.2.0:21:5
MERGED from com.android.support:support-compat:25.2.0:21:5
MERGED from com.android.support:support-core-utils:25.2.0:21:5
MERGED from com.android.support:support-compat:25.2.0:21:5
MERGED from com.google.android.gms:play-services-basement:11.0.4:17:5
MERGED from com.android.support:support-v4:25.2.0:21:5
MERGED from com.android.support:support-compat:25.2.0:21:5
MERGED from com.android.support:support-media-compat:25.2.0:21:5
MERGED from com.android.support:support-compat:25.2.0:21:5
MERGED from com.android.support:support-core-utils:25.2.0:21:5
MERGED from com.android.support:support-compat:25.2.0:21:5
MERGED from com.android.support:support-core-ui:25.2.0:21:5
MERGED from com.android.support:support-compat:25.2.0:21:5
MERGED from com.android.support:support-fragment:25.2.0:21:5
MERGED from com.android.support:support-compat:25.2.0:21:5
MERGED from com.android.support:support-media-compat:25.2.0:21:5
MERGED from com.android.support:support-compat:25.2.0:21:5
MERGED from com.android.support:support-core-ui:25.2.0:21:5
MERGED from com.android.support:support-compat:25.2.0:21:5
MERGED from com.android.support:support-core-utils:25.2.0:21:5
MERGED from com.android.support:support-compat:25.2.0:21:5
MERGED from com.google.android.gms:play-services-gass:11.0.4:3:5
MERGED from com.google.android.gms:play-services-basement:11.0.4:17:5
MERGED from com.android.support:support-v4:25.2.0:21:5
MERGED from com.android.support:support-compat:25.2.0:21:5
MERGED from com.android.support:support-media-compat:25.2.0:21:5
MERGED from com.android.support:support-compat:25.2.0:21:5
MERGED from com.android.support:support-core-utils:25.2.0:21:5
MERGED from com.android.support:support-compat:25.2.0:21:5
MERGED from com.android.support:support-core-ui:25.2.0:21:5
MERGED from com.android.support:support-compat:25.2.0:21:5
MERGED from com.android.support:support-fragment:25.2.0:21:5
MERGED from com.android.support:support-compat:25.2.0:21:5
MERGED from com.android.support:support-media-compat:25.2.0:21:5
MERGED from com.android.support:support-compat:25.2.0:21:5
MERGED from com.android.support:support-core-ui:25.2.0:21:5
MERGED from com.android.support:support-compat:25.2.0:21:5
MERGED from com.android.support:support-core-utils:25.2.0:21:5
MERGED from com.android.support:support-compat:25.2.0:21:5
MERGED from com.google.android.gms:play-services-safetynet:11.0.4:17:5
MERGED from com.google.android.gms:play-services-base:11.0.4:17:5
MERGED from com.google.android.gms:play-services-basement:11.0.4:17:5
MERGED from com.android.support:support-v4:25.2.0:21:5
MERGED from com.android.support:support-compat:25.2.0:21:5
MERGED from com.android.support:support-media-compat:25.2.0:21:5
MERGED from com.android.support:support-compat:25.2.0:21:5
MERGED from com.android.support:support-core-utils:25.2.0:21:5
MERGED from com.android.support:support-compat:25.2.0:21:5
MERGED from com.android.support:support-core-ui:25.2.0:21:5
MERGED from com.android.support:support-compat:25.2.0:21:5
MERGED from com.android.support:support-fragment:25.2.0:21:5
MERGED from com.android.support:support-compat:25.2.0:21:5
MERGED from com.android.support:support-media-compat:25.2.0:21:5
MERGED from com.android.support:support-compat:25.2.0:21:5
MERGED from com.android.support:support-core-ui:25.2.0:21:5
MERGED from com.android.support:support-compat:25.2.0:21:5
MERGED from com.android.support:support-core-utils:25.2.0:21:5
MERGED from com.android.support:support-compat:25.2.0:21:5
MERGED from com.google.android.gms:play-services-tasks:11.0.4:3:5
MERGED from com.google.android.gms:play-services-basement:11.0.4:17:5
MERGED from com.android.support:support-v4:25.2.0:21:5
MERGED from com.android.support:support-compat:25.2.0:21:5
MERGED from com.android.support:support-media-compat:25.2.0:21:5
MERGED from com.android.support:support-compat:25.2.0:21:5
MERGED from com.android.support:support-core-utils:25.2.0:21:5
MERGED from com.android.support:support-compat:25.2.0:21:5
MERGED from com.android.support:support-core-ui:25.2.0:21:5
MERGED from com.android.support:support-compat:25.2.0:21:5
MERGED from com.android.support:support-fragment:25.2.0:21:5
MERGED from com.android.support:support-compat:25.2.0:21:5
MERGED from com.android.support:support-media-compat:25.2.0:21:5
MERGED from com.android.support:support-compat:25.2.0:21:5
MERGED from com.android.support:support-core-ui:25.2.0:21:5
MERGED from com.android.support:support-compat:25.2.0:21:5
MERGED from com.android.support:support-core-utils:25.2.0:21:5
MERGED from com.android.support:support-compat:25.2.0:21:5
MERGED from com.google.android.gms:play-services-basement:11.0.4:17:5
MERGED from com.android.support:support-v4:25.2.0:21:5
MERGED from com.android.support:support-compat:25.2.0:21:5
MERGED from com.android.support:support-media-compat:25.2.0:21:5
MERGED from com.android.support:support-compat:25.2.0:21:5
MERGED from com.android.support:support-core-utils:25.2.0:21:5
MERGED from com.android.support:support-compat:25.2.0:21:5
MERGED from com.android.support:support-core-ui:25.2.0:21:5
MERGED from com.android.support:support-compat:25.2.0:21:5
MERGED from com.android.support:support-fragment:25.2.0:21:5
MERGED from com.android.support:support-compat:25.2.0:21:5
MERGED from com.android.support:support-media-compat:25.2.0:21:5
MERGED from com.android.support:support-compat:25.2.0:21:5
MERGED from com.android.support:support-core-ui:25.2.0:21:5
MERGED from com.android.support:support-compat:25.2.0:21:5
MERGED from com.android.support:support-core-utils:25.2.0:21:5
MERGED from com.android.support:support-compat:25.2.0:21:5
MERGED from com.google.android.gms:play-services-tasks:11.0.4:3:5
MERGED from com.google.android.gms:play-services-basement:11.0.4:17:5
MERGED from com.android.support:support-v4:25.2.0:21:5
MERGED from com.android.support:support-compat:25.2.0:21:5
MERGED from com.android.support:support-media-compat:25.2.0:21:5
MERGED from com.android.support:support-compat:25.2.0:21:5
MERGED from com.android.support:support-core-utils:25.2.0:21:5
MERGED from com.android.support:support-compat:25.2.0:21:5
MERGED from com.android.support:support-core-ui:25.2.0:21:5
MERGED from com.android.support:support-compat:25.2.0:21:5
MERGED from com.android.support:support-fragment:25.2.0:21:5
MERGED from com.android.support:support-compat:25.2.0:21:5
MERGED from com.android.support:support-media-compat:25.2.0:21:5
MERGED from com.android.support:support-compat:25.2.0:21:5
MERGED from com.android.support:support-core-ui:25.2.0:21:5
MERGED from com.android.support:support-compat:25.2.0:21:5
MERGED from com.android.support:support-core-utils:25.2.0:21:5
MERGED from com.android.support:support-compat:25.2.0:21:5
MERGED from com.google.android.gms:play-services-ads-lite:11.0.4:22:5
MERGED from com.google.android.gms:play-services-basement:11.0.4:17:5
MERGED from com.android.support:support-v4:25.2.0:21:5
MERGED from com.android.support:support-compat:25.2.0:21:5
MERGED from com.android.support:support-media-compat:25.2.0:21:5
MERGED from com.android.support:support-compat:25.2.0:21:5
MERGED from com.android.support:support-core-utils:25.2.0:21:5
MERGED from com.android.support:support-compat:25.2.0:21:5
MERGED from com.android.support:support-core-ui:25.2.0:21:5
MERGED from com.android.support:support-compat:25.2.0:21:5
MERGED from com.android.support:support-fragment:25.2.0:21:5
MERGED from com.android.support:support-compat:25.2.0:21:5
MERGED from com.android.support:support-media-compat:25.2.0:21:5
MERGED from com.android.support:support-compat:25.2.0:21:5
MERGED from com.android.support:support-core-ui:25.2.0:21:5
MERGED from com.android.support:support-compat:25.2.0:21:5
MERGED from com.android.support:support-core-utils:25.2.0:21:5
MERGED from com.android.support:support-compat:25.2.0:21:5
MERGED from com.google.android.gms:play-services-analytics:11.0.4:17:5
MERGED from com.google.android.gms:play-services-analytics-impl:11.0.4:17:5
MERGED from com.google.android.gms:play-services-base:11.0.4:17:5
MERGED from com.google.android.gms:play-services-basement:11.0.4:17:5
MERGED from com.android.support:support-v4:25.2.0:21:5
MERGED from com.android.support:support-compat:25.2.0:21:5
MERGED from com.android.support:support-media-compat:25.2.0:21:5
MERGED from com.android.support:support-compat:25.2.0:21:5
MERGED from com.android.support:support-core-utils:25.2.0:21:5
MERGED from com.android.support:support-compat:25.2.0:21:5
MERGED from com.android.support:support-core-ui:25.2.0:21:5
MERGED from com.android.support:support-compat:25.2.0:21:5
MERGED from com.android.support:support-fragment:25.2.0:21:5
MERGED from com.android.support:support-compat:25.2.0:21:5
MERGED from com.android.support:support-media-compat:25.2.0:21:5
MERGED from com.android.support:support-compat:25.2.0:21:5
MERGED from com.android.support:support-core-ui:25.2.0:21:5
MERGED from com.android.support:support-compat:25.2.0:21:5
MERGED from com.android.support:support-core-utils:25.2.0:21:5
MERGED from com.android.support:support-compat:25.2.0:21:5
MERGED from com.google.android.gms:play-services-tasks:11.0.4:3:5
MERGED from com.google.android.gms:play-services-basement:11.0.4:17:5
MERGED from com.android.support:support-v4:25.2.0:21:5
MERGED from com.android.support:support-compat:25.2.0:21:5
MERGED from com.android.support:support-media-compat:25.2.0:21:5
MERGED from com.android.support:support-compat:25.2.0:21:5
MERGED from com.android.support:support-core-utils:25.2.0:21:5
MERGED from com.android.support:support-compat:25.2.0:21:5
MERGED from com.android.support:support-core-ui:25.2.0:21:5
MERGED from com.android.support:support-compat:25.2.0:21:5
MERGED from com.android.support:support-fragment:25.2.0:21:5
MERGED from com.android.support:support-compat:25.2.0:21:5
MERGED from com.android.support:support-media-compat:25.2.0:21:5
MERGED from com.android.support:support-compat:25.2.0:21:5
MERGED from com.android.support:support-core-ui:25.2.0:21:5
MERGED from com.android.support:support-compat:25.2.0:21:5
MERGED from com.android.support:support-core-utils:25.2.0:21:5
MERGED from com.android.support:support-compat:25.2.0:21:5
MERGED from com.google.android.gms:play-services-basement:11.0.4:17:5
MERGED from com.android.support:support-v4:25.2.0:21:5
MERGED from com.android.support:support-compat:25.2.0:21:5
MERGED from com.android.support:support-media-compat:25.2.0:21:5
MERGED from com.android.support:support-compat:25.2.0:21:5
MERGED from com.android.support:support-core-utils:25.2.0:21:5
MERGED from com.android.support:support-compat:25.2.0:21:5
MERGED from com.android.support:support-core-ui:25.2.0:21:5
MERGED from com.android.support:support-compat:25.2.0:21:5
MERGED from com.android.support:support-fragment:25.2.0:21:5
MERGED from com.android.support:support-compat:25.2.0:21:5
MERGED from com.android.support:support-media-compat:25.2.0:21:5
MERGED from com.android.support:support-compat:25.2.0:21:5
MERGED from com.android.support:support-core-ui:25.2.0:21:5
MERGED from com.android.support:support-compat:25.2.0:21:5
MERGED from com.android.support:support-core-utils:25.2.0:21:5
MERGED from com.android.support:support-compat:25.2.0:21:5
MERGED from com.google.android.gms:play-services-base:11.0.4:17:5
MERGED from com.google.android.gms:play-services-basement:11.0.4:17:5
MERGED from com.android.support:support-v4:25.2.0:21:5
MERGED from com.android.support:support-compat:25.2.0:21:5
MERGED from com.android.support:support-media-compat:25.2.0:21:5
MERGED from com.android.support:support-compat:25.2.0:21:5
MERGED from com.android.support:support-core-utils:25.2.0:21:5
MERGED from com.android.support:support-compat:25.2.0:21:5
MERGED from com.android.support:support-core-ui:25.2.0:21:5
MERGED from com.android.support:support-compat:25.2.0:21:5
MERGED from com.android.support:support-fragment:25.2.0:21:5
MERGED from com.android.support:support-compat:25.2.0:21:5
MERGED from com.android.support:support-media-compat:25.2.0:21:5
MERGED from com.android.support:support-compat:25.2.0:21:5
MERGED from com.android.support:support-core-ui:25.2.0:21:5
MERGED from com.android.support:support-compat:25.2.0:21:5
MERGED from com.android.support:support-core-utils:25.2.0:21:5
MERGED from com.android.support:support-compat:25.2.0:21:5
MERGED from com.google.android.gms:play-services-tasks:11.0.4:3:5
MERGED from com.google.android.gms:play-services-basement:11.0.4:17:5
MERGED from com.android.support:support-v4:25.2.0:21:5
MERGED from com.android.support:support-compat:25.2.0:21:5
MERGED from com.android.support:support-media-compat:25.2.0:21:5
MERGED from com.android.support:support-compat:25.2.0:21:5
MERGED from com.android.support:support-core-utils:25.2.0:21:5
MERGED from com.android.support:support-compat:25.2.0:21:5
MERGED from com.android.support:support-core-ui:25.2.0:21:5
MERGED from com.android.support:support-compat:25.2.0:21:5
MERGED from com.android.support:support-fragment:25.2.0:21:5
MERGED from com.android.support:support-compat:25.2.0:21:5
MERGED from com.android.support:support-media-compat:25.2.0:21:5
MERGED from com.android.support:support-compat:25.2.0:21:5
MERGED from com.android.support:support-core-ui:25.2.0:21:5
MERGED from com.android.support:support-compat:25.2.0:21:5
MERGED from com.android.support:support-core-utils:25.2.0:21:5
MERGED from com.android.support:support-compat:25.2.0:21:5
MERGED from com.google.android.gms:play-services-basement:11.0.4:17:5
MERGED from com.android.support:support-v4:25.2.0:21:5
MERGED from com.android.support:support-compat:25.2.0:21:5
MERGED from com.android.support:support-media-compat:25.2.0:21:5
MERGED from com.android.support:support-compat:25.2.0:21:5
MERGED from com.android.support:support-core-utils:25.2.0:21:5
MERGED from com.android.support:support-compat:25.2.0:21:5
MERGED from com.android.support:support-core-ui:25.2.0:21:5
MERGED from com.android.support:support-compat:25.2.0:21:5
MERGED from com.android.support:support-fragment:25.2.0:21:5
MERGED from com.android.support:support-compat:25.2.0:21:5
MERGED from com.android.support:support-media-compat:25.2.0:21:5
MERGED from com.android.support:support-compat:25.2.0:21:5
MERGED from com.android.support:support-core-ui:25.2.0:21:5
MERGED from com.android.support:support-compat:25.2.0:21:5
MERGED from com.android.support:support-core-utils:25.2.0:21:5
MERGED from com.android.support:support-compat:25.2.0:21:5
MERGED from com.google.android.gms:play-services-tagmanager-v4-impl:11.0.4:17:5
MERGED from com.google.android.gms:play-services-analytics-impl:11.0.4:17:5
MERGED from com.google.android.gms:play-services-base:11.0.4:17:5
MERGED from com.google.android.gms:play-services-basement:11.0.4:17:5
MERGED from com.android.support:support-v4:25.2.0:21:5
MERGED from com.android.support:support-compat:25.2.0:21:5
MERGED from com.android.support:support-media-compat:25.2.0:21:5
MERGED from com.android.support:support-compat:25.2.0:21:5
MERGED from com.android.support:support-core-utils:25.2.0:21:5
MERGED from com.android.support:support-compat:25.2.0:21:5
MERGED from com.android.support:support-core-ui:25.2.0:21:5
MERGED from com.android.support:support-compat:25.2.0:21:5
MERGED from com.android.support:support-fragment:25.2.0:21:5
MERGED from com.android.support:support-compat:25.2.0:21:5
MERGED from com.android.support:support-media-compat:25.2.0:21:5
MERGED from com.android.support:support-compat:25.2.0:21:5
MERGED from com.android.support:support-core-ui:25.2.0:21:5
MERGED from com.android.support:support-compat:25.2.0:21:5
MERGED from com.android.support:support-core-utils:25.2.0:21:5
MERGED from com.android.support:support-compat:25.2.0:21:5
MERGED from com.google.android.gms:play-services-tasks:11.0.4:3:5
MERGED from com.google.android.gms:play-services-basement:11.0.4:17:5
MERGED from com.android.support:support-v4:25.2.0:21:5
MERGED from com.android.support:support-compat:25.2.0:21:5
MERGED from com.android.support:support-media-compat:25.2.0:21:5
MERGED from com.android.support:support-compat:25.2.0:21:5
MERGED from com.android.support:support-core-utils:25.2.0:21:5
MERGED from com.android.support:support-compat:25.2.0:21:5
MERGED from com.android.support:support-core-ui:25.2.0:21:5
MERGED from com.android.support:support-compat:25.2.0:21:5
MERGED from com.android.support:support-fragment:25.2.0:21:5
MERGED from com.android.support:support-compat:25.2.0:21:5
MERGED from com.android.support:support-media-compat:25.2.0:21:5
MERGED from com.android.support:support-compat:25.2.0:21:5
MERGED from com.android.support:support-core-ui:25.2.0:21:5
MERGED from com.android.support:support-compat:25.2.0:21:5
MERGED from com.android.support:support-core-utils:25.2.0:21:5
MERGED from com.android.support:support-compat:25.2.0:21:5
MERGED from com.google.android.gms:play-services-basement:11.0.4:17:5
MERGED from com.android.support:support-v4:25.2.0:21:5
MERGED from com.android.support:support-compat:25.2.0:21:5
MERGED from com.android.support:support-media-compat:25.2.0:21:5
MERGED from com.android.support:support-compat:25.2.0:21:5
MERGED from com.android.support:support-core-utils:25.2.0:21:5
MERGED from com.android.support:support-compat:25.2.0:21:5
MERGED from com.android.support:support-core-ui:25.2.0:21:5
MERGED from com.android.support:support-compat:25.2.0:21:5
MERGED from com.android.support:support-fragment:25.2.0:21:5
MERGED from com.android.support:support-compat:25.2.0:21:5
MERGED from com.android.support:support-media-compat:25.2.0:21:5
MERGED from com.android.support:support-compat:25.2.0:21:5
MERGED from com.android.support:support-core-ui:25.2.0:21:5
MERGED from com.android.support:support-compat:25.2.0:21:5
MERGED from com.android.support:support-core-utils:25.2.0:21:5
MERGED from com.android.support:support-compat:25.2.0:21:5
MERGED from com.google.android.gms:play-services-base:11.0.4:17:5
MERGED from com.google.android.gms:play-services-basement:11.0.4:17:5
MERGED from com.android.support:support-v4:25.2.0:21:5
MERGED from com.android.support:support-compat:25.2.0:21:5
MERGED from com.android.support:support-media-compat:25.2.0:21:5
MERGED from com.android.support:support-compat:25.2.0:21:5
MERGED from com.android.support:support-core-utils:25.2.0:21:5
MERGED from com.android.support:support-compat:25.2.0:21:5
MERGED from com.android.support:support-core-ui:25.2.0:21:5
MERGED from com.android.support:support-compat:25.2.0:21:5
MERGED from com.android.support:support-fragment:25.2.0:21:5
MERGED from com.android.support:support-compat:25.2.0:21:5
MERGED from com.android.support:support-media-compat:25.2.0:21:5
MERGED from com.android.support:support-compat:25.2.0:21:5
MERGED from com.android.support:support-core-ui:25.2.0:21:5
MERGED from com.android.support:support-compat:25.2.0:21:5
MERGED from com.android.support:support-core-utils:25.2.0:21:5
MERGED from com.android.support:support-compat:25.2.0:21:5
MERGED from com.google.android.gms:play-services-tasks:11.0.4:3:5
MERGED from com.google.android.gms:play-services-basement:11.0.4:17:5
MERGED from com.android.support:support-v4:25.2.0:21:5
MERGED from com.android.support:support-compat:25.2.0:21:5
MERGED from com.android.support:support-media-compat:25.2.0:21:5
MERGED from com.android.support:support-compat:25.2.0:21:5
MERGED from com.android.support:support-core-utils:25.2.0:21:5
MERGED from com.android.support:support-compat:25.2.0:21:5
MERGED from com.android.support:support-core-ui:25.2.0:21:5
MERGED from com.android.support:support-compat:25.2.0:21:5
MERGED from com.android.support:support-fragment:25.2.0:21:5
MERGED from com.android.support:support-compat:25.2.0:21:5
MERGED from com.android.support:support-media-compat:25.2.0:21:5
MERGED from com.android.support:support-compat:25.2.0:21:5
MERGED from com.android.support:support-core-ui:25.2.0:21:5
MERGED from com.android.support:support-compat:25.2.0:21:5
MERGED from com.android.support:support-core-utils:25.2.0:21:5
MERGED from com.android.support:support-compat:25.2.0:21:5
MERGED from com.google.android.gms:play-services-basement:11.0.4:17:5
MERGED from com.android.support:support-v4:25.2.0:21:5
MERGED from com.android.support:support-compat:25.2.0:21:5
MERGED from com.android.support:support-media-compat:25.2.0:21:5
MERGED from com.android.support:support-compat:25.2.0:21:5
MERGED from com.android.support:support-core-utils:25.2.0:21:5
MERGED from com.android.support:support-compat:25.2.0:21:5
MERGED from com.android.support:support-core-ui:25.2.0:21:5
MERGED from com.android.support:support-compat:25.2.0:21:5
MERGED from com.android.support:support-fragment:25.2.0:21:5
MERGED from com.android.support:support-compat:25.2.0:21:5
MERGED from com.android.support:support-media-compat:25.2.0:21:5
MERGED from com.android.support:support-compat:25.2.0:21:5
MERGED from com.android.support:support-core-ui:25.2.0:21:5